<?xml version="1.0" encoding="UTF-8"?>
<testsuite xmlns:xsi="http://www.w3.org/2001/XMLSchema-instance" xsi:noNamespaceSchemaLocation="https://maven.apache.org/surefire/maven-surefire-plugin/xsd/surefire-test-report-3.0.xsd" version="3.0" name="TestSuite" time="14.871" tests="2" errors="0" skipped="0" failures="0">
  <properties>
[...]
</properties>
  <testcase name="runScenario[&quot;Successful login on QA Test App&quot;, &quot;User Login Functionality&quot;](1)" classname="com.testapp.runners.AndroidRunner" time="13.481">
    <system-out><![CDATA[[PlatformTestNgListener] thread=TestNG-tests-1 xmlTest=Android Parallel Test platform=android
[PlatformTestNgListener] thread=TestNG-tests-2 xmlTest=iOS Parallel Test platform=ios
[PlatformTestNgListener] thread=TestNG-tests-2 xmlTest=iOS Parallel Test platform=ios
[PlatformTestNgListener] thread=TestNG-tests-1 xmlTest=Android Parallel Test platform=android

@smoke
Scenario: Successful login on QA Test App            &amp#27;[90m# src/test/resources/features/login.feature:4&amp#27;[0m

@smoke
Scenario: Successful login on QA Test App            &amp#27;[90m# src/test/resources/features/login.feature:4&amp#27;[0m
[Driver] thread=TestNG-tests-1 selectedPlatform=android
[Driver] thread=TestNG-tests-2 selectedPlatform=ios
Application launched successfully.
Application launched successfully.
  &amp#27;[32mGiven &amp#27;[0m&amp#27;[32mthe user launches the application&amp#27;[0m            &amp#27;[90m# com.testapp.stepdefinitions.LoginSteps.userLaunchesApp()&amp#27;[0m
  &amp#27;[32mGiven &amp#27;[0m&amp#27;[32mthe user launches the application&amp#27;[0m            &amp#27;[90m# com.testapp.stepdefinitions.LoginSteps.userLaunchesApp()&amp#27;[0m
  &amp#27;[32mWhen &amp#27;[0m&amp#27;[32mthe user enters credentials on &amp#27;[0m&amp#27;[32m&amp#27;[1m"login"&amp#27;[0m&amp#27;[32m screen&amp#27;[0m &amp#27;[90m# com.testapp.stepdefinitions.LoginSteps.enterCredentials(java.lang.String)&amp#27;[0m
Successfully navigated to the dashboard.
  &amp#27;[32mThen &amp#27;[0m&amp#27;[32mthe user should see the dashboard&amp#27;[0m             &amp#27;[90m# com.testapp.stepdefinitions.LoginSteps.verifyDashboard()&amp#27;[0m
  &amp#27;[32mWhen &amp#27;[0m&amp#27;[32mthe user enters credentials on &amp#27;[0m&amp#27;[32m&amp#27;[1m"login"&amp#27;[0m&amp#27;[32m screen&amp#27;[0m &amp#27;[90m# com.testapp.stepdefinitions.LoginSteps.enterCredentials(java.lang.String)&amp#27;[0m
Successfully navigated to the dashboard.
  &amp#27;[32mThen &amp#27;[0m&amp#27;[32mthe user should see the dashboard&amp#27;[0m             &amp#27;[90m# com.testapp.stepdefinitions.LoginSteps.verifyDashboard()&amp#27;[0m
]]></system-out>
    <system-err><![CDATA[SLF4J(W): No SLF4J providers were found.
SLF4J(W): Defaulting to no-operation (NOP) logger implementation
SLF4J(W): See https://www.slf4j.org/codes.html#noProviders for further details.
]]></system-err>
  </testcase>
  <testcase name="runScenario[&quot;Successful login on QA Test App&quot;, &quot;User Login Functionality&quot;](1)" classname="com.testapp.runners.IOSRunner" time="14.514">
    <system-out><![CDATA[[PlatformTestNgListener] thread=TestNG-tests-1 xmlTest=Android Parallel Test platform=android
]]></system-out>
  </testcase>
</testsuite>