<?xml version="1.0" encoding="UTF-8"?>
<testng-results ignored="0" total="2" passed="2" failed="0" skipped="0">
  <reporter-output>
  </reporter-output>
  <suite started-at="2026-02-18T11:48:13 CET" name="Mobile Cross-Platform Parallel Suite" finished-at="2026-02-18T11:48:28 CET" duration-ms="14728">
    <groups>
      <group name="cucumber">
        <method signature="AbstractTestNGCucumberTests.runScenario(io.cucumber.testng.PickleWrapper,io.cucumber.testng.FeatureWrapper)[pri:0, instance:com.testapp.runners.AndroidRunner@1ed1993a]" name="runScenario" class="io.cucumber.testng.AbstractTestNGCucumberTests"/>
        <method signature="AbstractTestNGCucumberTests.runScenario(io.cucumber.testng.PickleWrapper,io.cucumber.testng.FeatureWrapper)[pri:0, instance:com.testapp.runners.IOSRunner@cd3fee8]" name="runScenario" class="io.cucumber.testng.AbstractTestNGCucumberTests"/>
      </group> <!-- cucumber -->
    </groups>
    <test started-at="2026-02-18T11:48:13 CET" name="Android Parallel Test" finished-at="2026-02-18T11:48:27 CET" duration-ms="13708">
      <class name="com.testapp.runners.AndroidRunner">
        <test-method is-config="true" signature="setUpClass(org.testng.ITestContext)[pri:0, instance:com.testapp.runners.AndroidRunner@1ed1993a]" started-at="2026-02-18T11:48:13 CET" name="setUpClass" finished-at="2026-02-18T11:48:13 CET" duration-ms="194" status="PASS">
          <params>
            <param index="0">
              <value>
                <![CDATA[org.testng.TestRunner@4d9e68d0]]>
              </value>
            </param>
          </params>
          <reporter-output>
          </reporter-output>
        </test-method> <!-- setUpClass -->
        <test-method signature="runScenario(io.cucumber.testng.PickleWrapper,io.cucumber.testng.FeatureWrapper)[pri:0, instance:com.testapp.runners.AndroidRunner@1ed1993a]" started-at="2026-02-18T11:48:13 CET" name="runScenario" description="Runs Cucumber Scenarios" data-provider="scenarios" finished-at="2026-02-18T11:48:27 CET" duration-ms="13476" status="PASS">
          <params>
            <param index="0">
              <value>
                <![CDATA["Successful login on QA Test App"]]>
              </value>
            </param>
            <param index="1">
              <value>
                <![CDATA["User Login Functionality"]]>
              </value>
            </param>
          </params>
          <reporter-output>
          </reporter-output>
        </test-method> <!-- runScenario -->
        <test-method is-config="true" signature="tearDownClass()[pri:0, instance:com.testapp.runners.AndroidRunner@1ed1993a]" started-at="2026-02-18T11:48:27 CET" name="tearDownClass" finished-at="2026-02-18T11:48:27 CET" duration-ms="27" status="PASS">
          <reporter-output>
          </reporter-output>
        </test-method> <!-- tearDownClass -->
      </class> <!-- com.testapp.runners.AndroidRunner -->
    </test> <!-- Android Parallel Test -->
    <test started-at="2026-02-18T11:48:13 CET" name="iOS Parallel Test" finished-at="2026-02-18T11:48:28 CET" duration-ms="14728">
      <class name="com.testapp.runners.IOSRunner">
        <test-method is-config="true" signature="setUpClass(org.testng.ITestContext)[pri:0, instance:com.testapp.runners.IOSRunner@cd3fee8]" started-at="2026-02-18T11:48:13 CET" name="setUpClass" finished-at="2026-02-18T11:48:13 CET" duration-ms="194" status="PASS">
          <params>
            <param index="0">
              <value>
                <![CDATA[org.testng.TestRunner@42e99e4a]]>
              </value>
            </param>
          </params>
          <reporter-output>
          </reporter-output>
        </test-method> <!-- setUpClass -->
        <test-method signature="runScenario(io.cucumber.testng.PickleWrapper,io.cucumber.testng.FeatureWrapper)[pri:0, instance:com.testapp.runners.IOSRunner@cd3fee8]" started-at="2026-02-18T11:48:13 CET" name="runScenario" description="Runs Cucumber Scenarios" data-provider="scenarios" finished-at="2026-02-18T11:48:28 CET" duration-ms="14513" status="PASS">
          <params>
            <param index="0">
              <value>
                <![CDATA["Successful login on QA Test App"]]>
              </value>
            </param>
            <param index="1">
              <value>
                <![CDATA["User Login Functionality"]]>
              </value>
            </param>
          </params>
          <reporter-output>
          </reporter-output>
        </test-method> <!-- runScenario -->
        <test-method is-config="true" signature="tearDownClass()[pri:0, instance:com.testapp.runners.IOSRunner@cd3fee8]" started-at="2026-02-18T11:48:28 CET" name="tearDownClass" finished-at="2026-02-18T11:48:28 CET" duration-ms="13" status="PASS">
          <reporter-output>
          </reporter-output>
        </test-method> <!-- tearDownClass -->
      </class> <!-- com.testapp.runners.IOSRunner -->
    </test> <!-- iOS Parallel Test -->
  </suite> <!-- Mobile Cross-Platform Parallel Suite -->
</testng-results>
