<?xml version="1.0" encoding="UTF-8"?>
<testng-results ignored="0" total="1" passed="1" failed="0" skipped="0">
  <reporter-output>
  </reporter-output>
  <suite started-at="2026-02-17T22:51:28 CET" name="Mobile Automation Suite" finished-at="2026-02-17T22:51:36 CET" duration-ms="8241">
    <groups>
      <group name="cucumber">
        <method signature="AbstractTestNGCucumberTests.runScenario(io.cucumber.testng.PickleWrapper,io.cucumber.testng.FeatureWrapper)[pri:0, instance:com.testapp.runners.Runner@56528192]" name="runScenario" class="io.cucumber.testng.AbstractTestNGCucumberTests"/>
      </group> <!-- cucumber -->
    </groups>
    <test started-at="2026-02-17T22:51:28 CET" name="Appium Tests" finished-at="2026-02-17T22:51:36 CET" duration-ms="8241">
      <class name="com.testapp.runners.Runner">
        <test-method is-config="true" signature="setUpClass(org.testng.ITestContext)[pri:0, instance:com.testapp.runners.Runner@56528192]" started-at="2026-02-17T22:51:28 CET" name="setUpClass" finished-at="2026-02-17T22:51:28 CET" duration-ms="104" status="PASS">
          <params>
            <param index="0">
              <value>
                <![CDATA[org.testng.TestRunner@131774fe]]>
              </value>
            </param>
          </params>
          <reporter-output>
          </reporter-output>
        </test-method> <!-- setUpClass -->
        <test-method signature="runScenario(io.cucumber.testng.PickleWrapper,io.cucumber.testng.FeatureWrapper)[pri:0, instance:com.testapp.runners.Runner@56528192]" started-at="2026-02-17T22:51:28 CET" name="runScenario" description="Runs Cucumber Scenarios" data-provider="scenarios" finished-at="2026-02-17T22:51:36 CET" duration-ms="8063" status="PASS">
          <params>
            <param index="0">
              <value>
                <![CDATA["Successful login on QA Test App"]]>
              </value>
            </param>
            <param index="1">
              <value>
                <![CDATA["User Login Functionality"]]>
              </value>
            </param>
          </params>
          <reporter-output>
          </reporter-output>
        </test-method> <!-- runScenario -->
        <test-method is-config="true" signature="tearDownClass()[pri:0, instance:com.testapp.runners.Runner@56528192]" started-at="2026-02-17T22:51:36 CET" name="tearDownClass" finished-at="2026-02-17T22:51:36 CET" duration-ms="66" status="PASS">
          <reporter-output>
          </reporter-output>
        </test-method> <!-- tearDownClass -->
      </class> <!-- com.testapp.runners.Runner -->
    </test> <!-- Appium Tests -->
  </suite> <!-- Mobile Automation Suite -->
</testng-results>
